Building DAG of jobs...
Using shell: /usr/bin/bash
Provided cores: 1 (use --cores to define parallelism)
Rules claiming more threads will be scaled down.
Job stats:
job      count    min threads    max threads
-----  -------  -------------  -------------
all          1              1              1
calc         1              1              1
count        2              1              1
sort         2              1              1
split        1              1              1
total        7              1              1

Select jobs to execute...

[Tue Feb  1 04:34:03 2022]
rule split:
    input: data/input.txt
    output: results/chunk_aa, results/chunk_ab
    jobid: 4
    resources: tmpdir=/tmp

[Tue Feb  1 04:34:03 2022]
Error in rule split:
    jobid: 4
    output: results/chunk_aa, results/chunk_ab

RuleException:
NameError in line 12 of /home/weislenn/snakemake/workflow/Snakefile:
The name 'input' is unknown in this context. Please make sure that you defined that variable. Also note that braces not used for variable access have to be escaped by repeating them, i.e. {{print $1}}
  File "/home/weislenn/snakemake/workflow/Snakefile", line 12, in __rule_split
  File "/home/weislenn/mambaforge/envs/snakemake/lib/python3.10/concurrent/futures/thread.py", line 58, in run
Shutting down, this might take some time.
Exiting because a job execution failed. Look above for error message
Complete log: /home/weislenn/snakemake/.snakemake/log/2022-02-01T043403.030009.snakemake.log
